TN:
SF:src/models/User.ts
FN:37,Object.<anonymous>.userSchema.methods.matchPassword
FNF:1
FNH:0
FNDA:0,Object.<anonymous>.userSchema.methods.matchPassword
DA:1,1
DA:2,1
DA:3,1
DA:4,1
DA:5,1
DA:6,1
DA:7,1
DA:8,1
DA:9,1
DA:10,1
DA:11,1
DA:12,1
DA:13,1
DA:14,1
DA:15,1
DA:16,1
DA:17,1
DA:18,1
DA:19,1
DA:20,1
DA:21,1
DA:22,1
DA:23,1
DA:24,1
DA:25,1
DA:26,1
DA:27,1
DA:28,0
DA:29,0
DA:30,0
DA:31,0
DA:32,0
DA:33,0
DA:34,0
DA:35,1
DA:36,1
DA:37,1
DA:38,0
DA:39,0
DA:40,1
DA:41,1
DA:42,1
DA:43,1
LF:43
LH:34
BRF:0
BRH:0
end_of_record
TN:
SF:src/services/userService.service.ts
FN:3,findUserByUsernameOrEmail
FN:18,findUserById
FNF:2
FNH:2
FNDA:2,findUserByUsernameOrEmail
FNDA:1,findUserById
DA:1,1
DA:2,1
DA:3,2
DA:4,2
DA:5,2
DA:6,2
DA:7,2
DA:8,0
DA:9,0
DA:10,2
DA:11,1
DA:12,1
DA:13,1
DA:14,1
DA:15,1
DA:16,2
DA:17,1
DA:18,1
DA:19,1
DA:20,1
DA:21,0
DA:22,1
DA:23,1
DA:24,1
DA:25,1
DA:26,1
DA:27,1
DA:28,1
DA:29,1
DA:30,1
LF:30
LH:27
BRDA:3,0,0,2
BRDA:8,1,0,0
BRDA:10,2,0,1
BRDA:12,3,0,0
BRDA:18,4,0,1
BRDA:21,5,0,0
BRDA:24,6,0,0
BRF:7
BRH:3
end_of_record
